[19:08:32] [ServerMain/INFO]: Building unoptimized datafixer
[19:08:33] [ServerMain/INFO]: Environment: authHost='https://authserver.mojang.com', accountsHost='https://api.mojang.com', sessionHost='https://sessionserver.mojang.com', servicesHost='https://api.minecraftservices.com', name='PROD'
[19:08:36] [ServerMain/INFO]: Loaded 7 recipes
[19:08:37] [ServerMain/INFO]: Loaded 1179 advancements
[19:08:38] [Server thread/INFO]: Starting minecraft server version 1.19
[19:08:38] [Server thread/INFO]: Loading properties
[19:08:38] [Server thread/INFO]: Default game type: SURVIVAL
[19:08:38] [Server thread/INFO]: Generating keypair
[19:08:38] [Server thread/INFO]: Starting Minecraft server on 192.168.10.11:25565
[19:08:38] [Server thread/INFO]: Using epoll channel type
[19:08:38] [Server thread/WARN]: **** SERVER IS RUNNING IN OFFLINE/INSECURE MODE!
[19:08:38] [Server thread/WARN]: The server will make no attempt to authenticate usernames. Beware.
[19:08:38] [Server thread/WARN]: While this makes the game possible to play without internet access, it also opens up the ability for hackers to connect with any username they choose.
[19:08:38] [Server thread/WARN]: To change this, set "online-mode" to "true" in the server.properties file.
[19:08:38] [Server thread/INFO]: Preparing level "world"
[19:08:39] [Server thread/INFO]: Preparing start region for dimension minecraft:overworld
[19:08:47] [Worker-Main-3/INFO]: Preparing spawn area: 0%
[19:08:47] [Worker-Main-2/INFO]: Preparing spawn area: 0%
[19:08:47] [Worker-Main-2/INFO]: Preparing spawn area: 0%
[19:08:47] [Worker-Main-2/INFO]: Preparing spawn area: 0%
[19:08:47] [Worker-Main-2/INFO]: Preparing spawn area: 0%
[19:08:47] [Worker-Main-3/INFO]: Preparing spawn area: 0%
[19:08:47] [Worker-Main-2/INFO]: Preparing spawn area: 0%
[19:08:47] [Worker-Main-3/INFO]: Preparing spawn area: 0%
[19:08:47] [Worker-Main-2/INFO]: Preparing spawn area: 0%
[19:08:47] [Worker-Main-3/INFO]: Preparing spawn area: 0%
[19:08:47] [Worker-Main-2/INFO]: Preparing spawn area: 0%
[19:08:47] [Worker-Main-3/INFO]: Preparing spawn area: 0%
[19:08:47] [Worker-Main-2/INFO]: Preparing spawn area: 0%
[19:08:47] [Worker-Main-3/INFO]: Preparing spawn area: 0%
[19:08:47] [Worker-Main-2/INFO]: Preparing spawn area: 0%
[19:08:47] [Worker-Main-3/INFO]: Preparing spawn area: 0%
[19:08:47] [Worker-Main-2/INFO]: Preparing spawn area: 0%
[19:08:47] [Worker-Main-2/INFO]: Preparing spawn area: 0%
[19:08:48] [Worker-Main-3/INFO]: Preparing spawn area: 5%
[19:08:48] [Worker-Main-2/INFO]: Preparing spawn area: 39%
[19:08:49] [Worker-Main-3/INFO]: Preparing spawn area: 84%
[19:08:49] [Server thread/INFO]: Time elapsed: 10341 ms
[19:08:49] [Server thread/INFO]: Done (10.710s)! For help, type "help"
[19:09:17] [Server thread/INFO]: KaizukoOni[/192.168.10.6:52603] logged in with entity id 239 at (-316.80970905090624, 72.0, -800.7155958020489)
[19:09:17] [Server thread/INFO]: KaizukoOni joined the game
[19:09:26] [Server thread/INFO]: hvn4k[/111.88.120.114:56017] logged in with entity id 325 at (-434.69999998807907, -57.0, -671.4391496974484)
[19:09:26] [Server thread/INFO]: hvn4k joined the game
[19:09:41] [Server thread/INFO]: Hoshi[/39.51.14.213:53694] logged in with entity id 472 at (-306.63073762495054, 71.0, -774.1617926364831)
[19:09:41] [Server thread/INFO]: Hoshi joined the game
[19:12:18] [Server thread/INFO]: Shyspy[/113.203.205.89:53885] logged in with entity id 1263 at (-352.054395527593, 71.0, -756.5804651757799)
[19:12:18] [Server thread/INFO]: Shyspy joined the game
[19:15:56] [Server thread/INFO]: thestriker[/103.31.101.2:18154] logged in with entity id 2333 at (-321.92385422346405, 71.0, -774.8168494652026)
[19:15:56] [Server thread/INFO]: thestriker joined the game
[19:25:16] [Server thread/INFO]: FLAKA[/124.29.222.156:39074] logged in with entity id 5763 at (-295.5, 70.0, -780.5)
[19:25:16] [Server thread/INFO]: FLAKA joined the game
[19:25:27] [Server thread/INFO]: KaizukoOni has made the advancement [Diamonds!]
[19:25:44] [Server thread/INFO]: thestriker has made the advancement [Isn't It Iron Pick]
[19:27:21] [Server thread/INFO]: FLAKA was slain by KaizukoOni
[19:31:58] [Server thread/INFO]: FLAKA lost connection: Disconnected
[19:31:58] [Server thread/INFO]: FLAKA left the game
[19:31:58] [Server thread/INFO]: KaizukoOni lost connection: Timed out
[19:31:58] [Server thread/INFO]: KaizukoOni left the game
[19:31:58] [Server thread/INFO]: thestriker lost connection: Disconnected
[19:31:58] [Server thread/INFO]: thestriker left the game
[19:31:58] [Server thread/INFO]: hvn4k lost connection: Disconnected
[19:31:58] [Server thread/INFO]: hvn4k left the game
[19:31:58] [Server thread/INFO]: Hoshi lost connection: Timed out
[19:31:58] [Server thread/INFO]: Hoshi left the game
[19:31:58] [Server thread/INFO]: Shyspy lost connection: Disconnected
[19:31:58] [Server thread/INFO]: Shyspy left the game
[19:32:18] [Server thread/INFO]: Stopping the server
[19:32:18] [Server thread/INFO]: Stopping server
[19:32:18] [Server thread/INFO]: Saving players
[19:32:18] [Server thread/INFO]: Saving worlds
[19:32:20] [Server thread/INFO]: Saving chunks for level 'ServerLevel[world]'/minecraft:overworld
[19:32:21] [Server thread/INFO]: Saving chunks for level 'ServerLevel[world]'/minecraft:the_nether
[19:32:21] [Server thread/INFO]: Saving chunks for level 'ServerLevel[world]'/minecraft:the_end
[19:32:21] [Server thread/INFO]: ThreadedAnvilChunkStorage (world): All chunks are saved
[19:32:21] [Server thread/INFO]: ThreadedAnvilChunkStorage (DIM-1): All chunks are saved
[19:32:21] [Server thread/INFO]: ThreadedAnvilChunkStorage (DIM1): All chunks are saved
[19:32:21] [Server thread/INFO]: ThreadedAnvilChunkStorage: All dimensions are saved
